warning: never claim + accept labels requires -a flag to fully verify
pan: ltl formula back_to_user
error: max search depth too small
pan:1: assertion violated ((tcb[currentTask].state==1)||(tcb[currentTask].state==4)) (at depth 9887)
pan: wrote main_overflow_test.pml.trail

(Spin Version 6.5.2 -- 6 December 2019)
Warning: Search not completed
	+ Partial Order Reduction

Full statespace search for:
	never claim         	+ (back_to_user)
	assertion violations	+ (if within scope of claim)
	acceptance   cycles 	- (not selected)
	invalid end states	- (disabled by never claim)

State-vector 228 byte, depth reached 9999, errors: 1
     3526 states, stored
     1685 states, matched
     5211 transitions (= stored+matched)
    20135 atomic steps
hash conflicts:         0 (resolved)

Stats on memory usage (in Megabytes):
    0.861	equivalent memory usage for states (stored*(State-vector + overhead))
    1.157	actual memory usage for states
  128.000	memory used for hash table (-w24)
    0.534	memory used for DFS stack (-m10000)
  129.608	total actual memory usage



pan: elapsed time 0.01 seconds
